Arguments: 
  /Users/marcosga/.nvm/versions/node/v12.14.1/bin/node /usr/local/Cellar/yarn/1.22.4/libexec/bin/yarn.js test -u

PATH: 
  /Users/marcosga/.nvm/versions/node/v12.14.1/bin:/Users/marcosga/.nvm/versions/node/v8.11.4/bin:/usr/local/bin:/usr/bin:/bin:/usr/sbin:/sbin:/Applications/VMware Fusion.app/Contents/Public:/Users/marcosga/.nvm/versions/node/v8.11.4/bin

Yarn version: 
  1.22.4

Node version: 
  12.14.1

Platform: 
  darwin x64

Trace: 
  SyntaxError: /Users/marcosga/Projects/alex/cursos/curso-platzi-react-avanzado/package.json: Unexpected token , in JSON at position 2974
      at JSON.parse (<anonymous>)
      at /usr/local/Cellar/yarn/1.22.4/libexec/lib/cli.js:1625:59
      at Generator.next (<anonymous>)
      at step (/usr/local/Cellar/yarn/1.22.4/libexec/lib/cli.js:310:30)
      at /usr/local/Cellar/yarn/1.22.4/libexec/lib/cli.js:321:13

npm manifest: 
  {
    "name": "petgram-platzi-react-avanzado",
    "version": "1.0.0",
    "description": "",
    "main": "index.js",
    "scripts": {
      "test": "jest",
      "test:watch": "jest --watch",
      "test:e2e": "cypress open",
      "test:ci": "CI=false yarn test --verbose --coverage --reporters=default --reporters=jest-junit --reporters=jest-html-reporter",
      "build": "webpack --config webpack.prod.js",
      "lint": "standard",
      "serve:dev": "webpack --mode 'production' --config webpack.prod.js && npx serve dist -s",
      "dev": "webpack-dev-server --config webpack.dev.js",
      "now-build": "npm run build",
      "prepare": "husky install"
    },
    "repository": {
      "type": "git",
      "url": "git+https://github.com/kappys1/petgram.git"
    },
    "keywords": [],
    "author": "",
    "license": "ISC",
    "bugs": {
      "url": "https://github.com/kappys1/petgram.git/issues"
    },
    "homepage": "https://github.com/kappys1/petgram.git#readme",
    "devDependencies": {
      "@babel/core": "^7.15.5",
      "@babel/preset-env": "^7.15.6",
      "@babel/preset-react": "^7.14.5",
      "@testing-library/dom": "^8.5.0",
      "@testing-library/jest-dom": "^5.14.1",
      "@testing-library/react": "^12.1.0",
      "babel-jest": "^27.2.1",
      "babel-loader": "^8.2.2",
      "cypress": "^8.3.1",
      "html-webpack-plugin": "^5.3.2",
      "husky": "^7.0.2",
      "identity-obj-proxy": "^3.0.0",
      "jest": "^27.2.1",
      "react-test-renderer": "^17.0.2",
      "standard": "^16.0.3",
      "webpack": "^5.52.0",
      "webpack-cli": "^4.8.0",
      "webpack-dev-server": "^4.1.0",
      "webpack-merge": "^5.8.0",
      "webpack-pwa-manifest": "^4.3.0",
      "workbox-webpack-plugin": "^6.3.0"
    },
    "dependencies": {
      "@reach/router": "^1.3.4",
      "@s-ui/mono": "^2.18.0",
      "apollo-boost": "^0.4.9",
      "graphql": "^15.5.3",
      "intersection-observer": "^0.12.0",
      "prop-types": "^15.7.2",
      "react": "^17.0.2",
      "react-apollo": "^3.1.5",
      "react-dom": "^17.0.2",
      "react-helmet": "^6.1.0",
      "react-icons": "^4.2.0",
      "styled-components": "^5.3.1"
    },
    "standard": {
      "ignore": [
        "/api/**"
      ]
    },
    "eslintConfig": {
      "extends": [
        "standard",
        "./node_modules/standard/eslintrc.json"
      ]
    },
    "babel": {
      "presets": [
        "@babel/preset-env",
        "@babel/preset-react"
      ]
    },
    "jest": {
      "roots": [
        "<rootDir>/src"
      ],
      "setupFilesAfterEnv": [
        "<rootDir>/jest/mocks/jest.setup.js"
      ],
      "testEnvironment": "jsdom",
      "transform": {
        "^.+\\.(js|jsx)$": "<rootDir>/node_modules/babel-jest"
      },
      "collectCoverageFrom": [
        "src/**/*.{js,jsx}",
        "!**/node_modules/**",
        "!src/assets/**"
      ],
      "testMatch": [
        "<rootDir>/src/**/__tests__/**/*.{js,jsx,ts,tsx}",
        "<rootDir>/src/**/*.{spec,test}.{js,jsx,ts,tsx}"
      ],
      "moduleNameMapper": {
        "^.+\\.module\\.(jpg|jpeg|png|gif|eot|otf|webp|svg|ttf|woff|woff2|mp4|webm|wav|mp3|m4a|aac|oga)$": "<rootDir>/jest/mocks/fileMock.js",,
        ".+\\.(css|styl|less|sass|scss|png|jpg|ttf|woff|woff2)$": "identity-obj-proxy"
      },
      "coveragePathIgnorePatterns": [
        "src/serviceWorker.js"
      ],
      "transformIgnorePatterns": [
        "[/\\\\]node_modules[/\\\\].+\\.(js|jsx)$",
        "^.+\\.module\\.(css|sass|scss)$"
      ],
      "testPathIgnorePatterns": [
        "<rootDir>/node_modules/",
        "cypress"
      ],
      "resetMocks": true,
      "coverageThreshold": {
        "global": {
          "branches": 90,
          "lines": 90,
          "functions": 90,
          "statements": 90
        }
      }
    }
  }

yarn manifest: 
  No manifest

Lockfile: 
  No lockfile
